2013-09-25 11:01:52,878 Team Louisiana Not Found
2013-09-25 11:01:53,420 Team Cent. Connecticut St. Not Found
2013-09-25 11:01:53,523 Team Edward Waters Not Found
2013-09-25 11:01:53,571 Team Warner Not Found
2013-09-25 11:01:53,986 Team Louisiana Not Found
2013-09-25 11:01:54,288 Team Louisiana Not Found
2013-09-25 11:01:55,075 Team Virginia Union Not Found
2013-09-25 11:01:55,612 Team Penn Not Found
2013-09-25 11:01:55,671 Team Assumption Not Found
2013-09-25 11:01:55,736 Team Saint Francis U Not Found
2013-09-25 11:01:55,750 Team Cent. Connecticut St. Not Found
2013-09-25 11:01:55,815 Team Lafayette Not Found
2013-09-25 11:01:56,013 Team Wittenberg Not Found
2013-09-25 11:01:56,019 Team Franklin College Not Found
2013-09-25 11:01:56,042 Team Stetson Not Found
2013-09-25 11:01:56,482 Team Virginia-Wise Not Found
2013-09-25 11:01:56,523 Team Mercer Not Found
2013-09-25 11:01:56,530 Team Stetson Not Found
2013-09-25 11:01:56,572 Team Incarnate Word Not Found
2013-09-25 11:01:56,625 Team Nebraska-Kearney Not Found
2013-09-25 11:01:56,657 Team Southeastern Louisiana Not Found
2013-09-25 11:01:56,696 Team Cent. Connecticut St. Not Found
2013-09-25 11:01:56,703 Team Cent. Connecticut St. Not Found
2013-09-25 11:01:56,717 Team Cent. Connecticut St. Not Found
2013-09-25 11:01:56,723 Team Cent. Connecticut St. Not Found
2013-09-25 11:01:56,730 Team Saint Francis U Not Found
2013-09-25 11:01:56,736 Team Cent. Connecticut St. Not Found
2013-09-25 11:01:56,743 Team Salve Regina Not Found
2013-09-25 11:01:56,749 Team Cent. Connecticut St. Not Found
2013-09-25 11:01:56,762 Team Cent. Connecticut St. Not Found
2013-09-25 11:01:56,812 Team Shorter Not Found
2013-09-25 11:01:56,842 Team North Greenville Not Found
2013-09-25 11:01:56,915 Team Chowan Not Found
2013-09-25 11:01:56,953 Team North Carolina Pembroke Not Found
2013-09-25 11:01:56,973 Team Wesley College Not Found
2013-09-25 11:01:57,805 Team Lafayette Not Found
2013-09-25 11:01:57,855 Team Cent. Arkansas Not Found
2013-09-25 11:01:58,176 Team Penn Not Found
2013-09-25 11:01:58,519 Team Penn Not Found
2013-09-25 11:01:58,559 Team Penn Not Found
2013-09-25 11:01:58,650 Team Lenoir-Rhyne Not Found
2013-09-25 11:01:58,657 Team Johnson C. Smith Not Found
2013-09-25 11:01:58,703 Team Mercer Not Found
2013-09-25 11:01:58,710 Team Stetson Not Found
2013-09-25 11:01:58,776 Team Stetson Not Found
2013-09-25 11:01:59,198 Team Grand View University Not Found
2013-09-25 11:01:59,220 Team Indianapolis Not Found
2013-09-25 11:01:59,227 Team Mercer Not Found
2013-09-25 11:01:59,582 Team West Liberty St. Not Found
2013-09-25 11:01:59,612 Team Saint Francis U Not Found
2013-09-25 11:01:59,627 Team Cent. Connecticut St. Not Found
2013-09-25 11:01:59,884 Team Southern Illinois Not Found
2013-09-25 11:02:00,694 Team West Virginia Wesleyan Not Found
2013-09-25 11:02:01,875 Team Saint Francis U Not Found
2013-09-25 11:02:01,960 Team Lafayette Not Found
2013-09-25 11:02:02,403 Team Point University Not Found
2013-09-25 11:02:02,437 Team Warner Not Found
2013-09-25 11:02:02,558 Team Lafayette Not Found
2013-09-25 11:02:03,043 Team Saint Francis U Not Found
2013-09-25 11:02:03,219 Team Louisiana Not Found
2013-09-25 11:02:03,415 Team Lincoln (MO) Not Found
2013-09-25 11:02:03,515 Team West. Illinois Not Found
2013-09-25 11:02:03,706 Team Lafayette Not Found
2013-09-25 11:02:03,732 Team Penn Not Found
2013-09-25 11:02:03,894 Team Cent. Connecticut St. Not Found
2013-09-25 11:02:03,947 Team Lafayette Not Found
2013-09-25 11:02:04,107 Team Morehouse Not Found
2013-09-25 11:02:04,407 Team Dixie St. Not Found
2013-09-25 11:02:04,414 Team West. St. Not Found
2013-09-25 11:02:04,517 Team Southern Illinois Not Found
2013-09-25 11:02:04,651 Team Abilene Christian Not Found
2013-09-25 11:02:04,664 Team West. Illinois Not Found
2013-09-25 11:02:04,709 Team Southern Illinois Not Found
2013-09-25 11:02:04,851 Team Quincy Not Found
2013-09-25 11:02:04,904 Team West. Illinois Not Found
2013-09-25 11:02:04,911 Team Southern Illinois Not Found
2013-09-25 11:02:05,351 Team Warner Not Found
2013-09-25 11:02:05,398 Team Mercer Not Found
2013-09-25 11:02:05,404 Team Stetson Not Found
2013-09-25 11:02:05,441 Team North Alabama Not Found
2013-09-25 11:02:05,539 Team Cent. Connecticut St. Not Found
2013-09-25 11:02:05,555 Team Saint Francis U Not Found
2013-09-25 11:02:05,806 Team Louisiana Not Found
2013-09-25 11:02:06,444 Team Louisiana Not Found
2013-09-25 11:02:06,467 Team Panhandle St. Not Found
2013-09-25 11:02:06,490 Team Bacone College Not Found
2013-09-25 11:02:06,509 Team Cent. Arkansas Not Found
2013-09-25 11:02:06,516 Team Southeastern Louisiana Not Found
2013-09-25 11:02:06,569 Team Cent. Connecticut St. Not Found
2013-09-25 11:02:06,655 Team Lafayette Not Found
2013-09-25 11:02:06,710 Team Kentucky Wesleyan Not Found
2013-09-25 11:02:06,753 Team Brevard College Not Found
2013-09-25 11:02:07,460 Team Stetson Not Found
2013-09-25 11:02:07,482 Team Mercer Not Found
2013-09-25 11:02:08,134 Team West Alabama Not Found
2013-09-25 11:02:08,158 Team Cent. Arkansas Not Found
2013-09-25 11:02:08,180 Team Southeastern Louisiana Not Found
2013-09-25 11:02:09,552 Team West. Illinois Not Found
2013-09-25 11:02:09,677 Team Delta St. Not Found
2013-09-25 11:02:10,219 Team Delta St. Not Found
2013-09-25 11:02:10,615 Team Cent. Arkansas Not Found
2013-09-25 11:02:10,654 Team West. Illinois Not Found
2013-09-25 11:02:10,670 Team Southern Illinois Not Found
2013-09-25 11:02:10,769 Team Saint Francis U Not Found
2013-09-25 11:02:10,848 Team Panhandle St. Not Found
2013-09-25 11:02:10,967 Team Colorado Mesa Not Found
2013-09-25 11:02:11,098 Team Pikeville College Not Found
2013-09-25 11:02:11,210 Team Campbellsville Not Found
2013-09-25 11:02:11,394 Team Virginia-Lynchburg Not Found
2013-09-25 11:02:11,446 Team St. Augustine's College Not Found
2013-09-25 11:02:12,361 Team Abilene Christian Not Found
2013-09-25 11:02:12,368 Team Louisiana Not Found
2013-09-25 11:02:12,431 Team Louisiana Not Found
2013-09-25 11:02:12,438 Team Langston Not Found
2013-09-25 11:02:12,446 Team Arkansas Tech Not Found
2013-09-25 11:02:12,486 Team Cent. Arkansas Not Found
2013-09-25 11:02:12,492 Team Southeastern Louisiana Not Found
2013-09-25 11:02:12,930 Team Ferris St. Not Found
2013-09-25 11:02:12,964 Team Southern Illinois Not Found
2013-09-25 11:02:13,191 Team Langston Not Found
2013-09-25 11:02:13,198 Team CSU-Pueblo Not Found
2013-09-25 11:02:13,509 Team Southern Illinois Not Found
2013-09-25 11:02:13,551 Team West. Illinois Not Found
2013-09-25 11:02:13,759 Team Langston Not Found
2013-09-25 11:02:13,775 Team Southeastern Louisiana Not Found
2013-09-25 11:02:13,789 Team Cent. Arkansas Not Found
2013-09-25 11:02:14,848 Team Lafayette Not Found
2013-09-25 11:02:14,855 Team Penn Not Found
2013-09-25 11:02:14,881 Team Penn Not Found
2013-09-25 11:02:14,888 Team Penn Not Found
2013-09-25 11:02:14,914 Team Penn Not Found
2013-09-25 11:02:14,930 Team Penn Not Found
2013-09-25 11:02:15,118 Team Eastern Oregon Not Found
2013-09-25 11:02:15,132 Team Humboldt St. Not Found
2013-09-25 11:02:15,351 Team Abilene Christian Not Found
2013-09-25 11:02:15,390 Team Brevard College Not Found
2013-09-25 11:02:15,428 Team Point University Not Found
2013-09-25 11:02:15,503 Team Lafayette Not Found
2013-09-25 11:02:15,530 Team Penn Not Found
2013-09-25 11:02:15,743 Team Cent. Connecticut St. Not Found
2013-09-25 11:02:16,184 Team Cent. Connecticut St. Not Found
2013-09-25 11:02:16,209 Team Saint Francis U Not Found
2013-09-25 11:02:16,585 Team Southern Oregon Not Found
2013-09-25 11:02:16,711 Team Lafayette Not Found
2013-09-25 11:02:16,719 Team Lincoln University (PA) Not Found
2013-09-25 11:02:16,726 Team Chowan Not Found
2013-09-25 11:02:16,747 Team Cent. Connecticut St. Not Found
2013-09-25 11:02:16,763 Team Saint Francis U Not Found
2013-09-25 11:02:16,809 Team Houston Baptist Not Found
2013-09-25 11:02:16,849 Team Incarnate Word Not Found
2013-09-25 11:02:16,914 Team Southeastern Louisiana Not Found
2013-09-25 11:02:16,921 Team Cent. Arkansas Not Found
2013-09-25 11:02:16,966 Team Southeastern Louisiana Not Found
2013-09-25 11:02:17,068 Team West. New Mexico Not Found
2013-09-25 11:02:17,082 Team Stetson Not Found
2013-09-25 11:02:17,088 Team Mercer Not Found
2013-09-25 11:02:17,459 Team Fort Valley St. Not Found
2013-09-25 11:02:17,563 Team Southeastern Louisiana Not Found
2013-09-25 11:02:17,569 Team Southeastern Louisiana Not Found
2013-09-25 11:02:17,576 Team Southeastern Louisiana Not Found
2013-09-25 11:02:17,584 Team Incarnate Word Not Found
2013-09-25 11:02:17,596 Team Southeastern Louisiana Not Found
2013-09-25 11:02:17,611 Team Southeastern Louisiana Not Found
2013-09-25 11:02:17,617 Team Southeastern Louisiana Not Found
2013-09-25 11:02:18,016 Team Louisiana Not Found
2013-09-25 11:02:18,490 Team West. Illinois Not Found
2013-09-25 11:02:18,598 Team Southeastern Louisiana Not Found
2013-09-25 11:02:18,621 Team Southern Illinois Not Found
2013-09-25 11:02:18,628 Team West. Illinois Not Found
2013-09-25 11:02:18,835 Team Southeastern Louisiana Not Found
2013-09-25 11:02:18,852 Team Southern Illinois Not Found
2013-09-25 11:02:18,930 Team Urbana Not Found
2013-09-25 11:02:19,065 Team Clark Atlanta Not Found
2013-09-25 11:02:19,098 Team Southern Illinois Not Found
2013-09-25 11:02:19,125 Team Charleston Univ Not Found
2013-09-25 11:02:19,131 Team Southern Illinois Not Found
2013-09-25 11:02:19,158 Team Southern Illinois Not Found
2013-09-25 11:02:19,165 Team Southern Illinois Not Found
2013-09-25 11:02:19,191 Team Southern Illinois Not Found
2013-09-25 11:02:19,237 Team Southern Illinois Not Found
2013-09-25 11:02:19,414 Team Fort Lewis Not Found
2013-09-25 11:02:19,558 Team Saint Francis U Not Found
2013-09-25 11:02:19,565 Team Saint Francis U Not Found
2013-09-25 11:02:19,572 Team Lincoln University (PA) Not Found
2013-09-25 11:02:19,586 Team Saint Francis U Not Found
2013-09-25 11:02:19,611 Team Saint Francis U Not Found
2013-09-25 11:02:19,618 Team Saint Francis U Not Found
2013-09-25 11:02:19,815 Team McMurry University Not Found
2013-09-25 11:02:19,838 Team Southeastern Louisiana Not Found
2013-09-25 11:02:19,852 Team Cent. Arkansas Not Found
2013-09-25 11:02:20,217 Team Southeastern Louisiana Not Found
2013-09-25 11:02:20,661 Team Cent. St. Not Found
2013-09-25 11:02:20,746 Team Cumberland University Not Found
2013-09-25 11:02:21,309 Team Louisiana Not Found
2013-09-25 11:02:21,905 Team Louisiana Not Found
2013-09-25 11:02:22,657 Team West. Illinois Not Found
2013-09-25 11:02:23,282 Team St. Joseph's (IN) Not Found
2013-09-25 11:02:23,289 Team William Jewell Not Found
2013-09-25 11:02:23,309 Team Mercer Not Found
2013-09-25 11:02:23,632 Team Penn Not Found
2013-09-25 11:02:23,865 Team Glenville St. Not Found
2013-09-25 11:02:23,872 Team North Greenville Not Found
2013-09-25 11:02:24,075 Team Merrimack Not Found
2013-09-25 11:02:24,128 Team Cent. Connecticut St. Not Found
2013-09-25 11:02:24,142 Team Saint Francis U Not Found
2013-09-25 11:02:24,747 Team Mars Hill Not Found
2013-09-25 11:02:24,845 Team Quincy Not Found
2013-09-25 11:02:24,851 Team West. Illinois Not Found
2013-09-25 11:02:24,855 Team West. Illinois Not Found
2013-09-25 11:02:24,869 Team West. Illinois Not Found
2013-09-25 11:02:24,882 Team West. Illinois Not Found
2013-09-25 11:02:24,895 Team Southern Illinois Not Found
2013-09-25 11:02:24,901 Team West. Illinois Not Found
2013-09-25 11:02:24,907 Team West. Illinois Not Found
2013-09-25 11:02:25,082 Team Lafayette Not Found
2013-09-25 11:02:25,105 Team Penn Not Found
2013-09-25 11:02:25,533 Team Penn Not Found
2013-09-25 11:02:25,615 Team Southern Illinois Not Found
2013-09-25 11:02:25,635 Team West. Illinois Not Found
